<?xml version="1.0" encoding="UTF-8"?>
<!-- Generated by org.testng.reporters.JUnitXMLReporter -->
<testsuite ignored="0" hostname="LAPTOP-MVSTHKIP" failures="0" tests="5" name="Default test" time="0.148" errors="0" timestamp="2022-07-08T16:58:17 IST">
  <testcase classname="com.testngex.NewTest" name="login" time="0.023"/>
  <testcase classname="com.testngex.NewTest" name="programeStart" time="0.002"/>
  <testcase classname="com.testngex.NewTest" name="programeperformed" time="0.001"/>
  <testcase classname="com.testngex.NewTest" name="programeExcution" time="0.001"/>
  <testcase classname="com.testngex.NewTest" name="logout" time="0.001"/>
</testsuite> <!-- Default test -->
