<?xml version="1.0" encoding="UTF-8"?>
<testng-results ignored="0" total="5" passed="5" failed="0" skipped="0">
  <reporter-output>
  </reporter-output>
  <suite started-at="2022-07-08T16:58:16 IST" name="Default suite" finished-at="2022-07-08T16:58:16 IST" duration-ms="148">
    <groups>
    </groups>
    <test started-at="2022-07-08T16:58:16 IST" name="Default test" finished-at="2022-07-08T16:58:16 IST" duration-ms="148">
      <class name="com.testngex.NewTest">
        <test-method signature="login()[pri:1, instance:com.testngex.NewTest@479d31f3]" started-at="2022-07-08T16:58:16 IST" name="login" finished-at="2022-07-08T16:58:16 IST" duration-ms="23" status="PASS">
          <reporter-output>
          </reporter-output>
        </test-method> <!-- login -->
        <test-method signature="programeStart()[pri:2, instance:com.testngex.NewTest@479d31f3]" started-at="2022-07-08T16:58:16 IST" name="programeStart" finished-at="2022-07-08T16:58:16 IST" duration-ms="2" status="PASS">
          <reporter-output>
          </reporter-output>
        </test-method> <!-- programeStart -->
        <test-method signature="programeperformed()[pri:3, instance:com.testngex.NewTest@479d31f3]" started-at="2022-07-08T16:58:16 IST" name="programeperformed" finished-at="2022-07-08T16:58:16 IST" duration-ms="1" status="PASS">
          <reporter-output>
          </reporter-output>
        </test-method> <!-- programeperformed -->
        <test-method signature="programeExcution()[pri:4, instance:com.testngex.NewTest@479d31f3]" started-at="2022-07-08T16:58:16 IST" name="programeExcution" finished-at="2022-07-08T16:58:16 IST" duration-ms="1" status="PASS">
          <reporter-output>
          </reporter-output>
        </test-method> <!-- programeExcution -->
        <test-method signature="logout()[pri:5, instance:com.testngex.NewTest@479d31f3]" started-at="2022-07-08T16:58:16 IST" name="logout" finished-at="2022-07-08T16:58:16 IST" duration-ms="1" status="PASS">
          <reporter-output>
          </reporter-output>
        </test-method> <!-- logout -->
      </class> <!-- com.testngex.NewTest -->
    </test> <!-- Default test -->
  </suite> <!-- Default suite -->
</testng-results>
